This file contains any messages produced by compilers while
running configure, to aid debugging if configure makes a mistake.

It was created by configure, which was
generated by GNU Autoconf 2.59.  Invocation command line was

  $ ./configure 

## --------- ##
## Platform. ##
## --------- ##

hostname = sputnik
uname -m = i686
uname -r = 2.6.28-11-generic
uname -s = Linux
uname -v = #40-Ubuntu SMP Fri Apr 3 17:39:51 UTC 2009

/usr/bin/uname -p = unknown
/bin/uname -X     = unknown

/bin/arch              = unknown
/usr/bin/arch -k       = unknown
/usr/convex/getsysinfo = unknown
hostinfo               = unknown
/bin/machine           = unknown
/usr/bin/oslevel       = unknown
/bin/universe          = unknown

PATH: /usr/local/sbin
PATH: /usr/local/bin
PATH: /usr/sbin
PATH: /usr/bin
PATH: /sbin
PATH: /bin
PATH: /usr/games


## ----------- ##
## Core tests. ##
## ----------- ##

configure:1549: checking build system type
configure:1567: result: i686-pc-linux-gnu
configure:1575: checking host system type
configure:1589: result: i686-pc-linux-gnu
configure:1597: checking target system type
configure:1611: result: i686-pc-linux-gnu
configure:1639: checking for a BSD-compatible install
configure:1694: result: /usr/bin/install -c
configure:1705: checking whether build environment is sane
configure:1748: result: yes
configure:1813: checking for gawk
configure:1842: result: no
configure:1813: checking for mawk
configure:1829: found /usr/bin/mawk
configure:1839: result: mawk
configure:1849: checking whether make sets $(MAKE)
configure:1869: result: yes
configure:2066: checking for style of include used by make
configure:2094: result: GNU
configure:2171: checking for g++
configure:2187: found /usr/bin/g++
configure:2197: result: g++
configure:2213: checking for C++ compiler version
configure:2216: g++ --version </dev/null >&5
g++ (Ubuntu 4.3.3-5ubuntu4) 4.3.3
Copyright (C) 2008 Free Software Foundation, Inc.
This is free software; see the source for copying conditions.  There is NO
warranty; not even for MERCHANTABILITY or FITNESS FOR A PARTICULAR PURPOSE.

configure:2219: $? = 0
configure:2221: g++ -v </dev/null >&5
Using built-in specs.
Target: i486-linux-gnu
Configured with: ../src/configure -v --with-pkgversion='Ubuntu 4.3.3-5ubuntu4' --with-bugurl=file:///usr/share/doc/gcc-4.3/README.Bugs --enable-languages=c,c++,fortran,objc,obj-c++ --prefix=/usr --enable-shared --with-system-zlib --libexecdir=/usr/lib --without-included-gettext --enable-threads=posix --enable-nls --with-gxx-include-dir=/usr/include/c++/4.3 --program-suffix=-4.3 --enable-clocale=gnu --enable-libstdcxx-debug --enable-objc-gc --enable-mpfr --enable-targets=all --with-tune=generic --enable-checking=release --build=i486-linux-gnu --host=i486-linux-gnu --target=i486-linux-gnu
Thread model: posix
gcc version 4.3.3 (Ubuntu 4.3.3-5ubuntu4) 
configure:2224: $? = 0
configure:2226: g++ -V </dev/null >&5
g++: '-V' option must have argument
configure:2229: $? = 1
configure:2252: checking for C++ compiler default output file name
configure:2255: g++    conftest.cc  >&5
configure:2258: $? = 0
configure:2304: result: a.out
configure:2309: checking whether the C++ compiler works
configure:2315: ./a.out
configure:2318: $? = 0
configure:2335: result: yes
configure:2342: checking whether we are cross compiling
configure:2344: result: no
configure:2347: checking for suffix of executables
configure:2349: g++ -o conftest    conftest.cc  >&5
configure:2352: $? = 0
configure:2377: result: 
configure:2383: checking for suffix of object files
configure:2404: g++ -c   conftest.cc >&5
configure:2407: $? = 0
configure:2429: result: o
configure:2433: checking whether we are using the GNU C++ compiler
configure:2457: g++ -c   conftest.cc >&5
configure:2463: $? = 0
configure:2466: test -z 			 || test ! -s conftest.err
configure:2469: $? = 0
configure:2472: test -s conftest.o
configure:2475: $? = 0
configure:2488: result: yes
configure:2494: checking whether g++ accepts -g
configure:2515: g++ -c -g  conftest.cc >&5
configure:2521: $? = 0
configure:2524: test -z 			 || test ! -s conftest.err
configure:2527: $? = 0
configure:2530: test -s conftest.o
configure:2533: $? = 0
configure:2544: result: yes
configure:2586: g++ -c -g -O2  conftest.cc >&5
configure:2592: $? = 0
configure:2595: test -z 			 || test ! -s conftest.err
configure:2598: $? = 0
configure:2601: test -s conftest.o
configure:2604: $? = 0
configure:2630: g++ -c -g -O2  conftest.cc >&5
conftest.cc: In function 'int main()':
conftest.cc:15: error: 'exit' was not declared in this scope
configure:2636: $? = 1
configure: failed program was:
| /* confdefs.h.  */
| 
| #define PACKAGE_NAME ""
| #define PACKAGE_TARNAME ""
| #define PACKAGE_VERSION ""
| #define PACKAGE_STRING ""
| #define PACKAGE_BUGREPORT ""
| #define PACKAGE "gr-dcf77-transmitter"
| #define VERSION "3.0svn"
| /* end confdefs.h.  */
| 
| int
| main ()
| {
| exit (42);
|   ;
|   return 0;
| }
configure:2586: g++ -c -g -O2  conftest.cc >&5
conftest.cc:11: error: 'void std::exit(int)' should have been declared inside 'std'
configure:2592: $? = 1
configure: failed program was:
| /* confdefs.h.  */
| 
| #define PACKAGE_NAME ""
| #define PACKAGE_TARNAME ""
| #define PACKAGE_VERSION ""
| #define PACKAGE_STRING ""
| #define PACKAGE_BUGREPORT ""
| #define PACKAGE "gr-dcf77-transmitter"
| #define VERSION "3.0svn"
| /* end confdefs.h.  */
| extern "C" void std::exit (int) throw (); using std::exit;
| #include <stdlib.h>
| int
| main ()
| {
| exit (42);
|   ;
|   return 0;
| }
configure:2586: g++ -c -g -O2  conftest.cc >&5
conftest.cc:11: error: 'void std::exit(int)' should have been declared inside 'std'
In file included from conftest.cc:12:
/usr/include/stdlib.h:531: error: declaration of 'void std::exit(int) throw ()' throws different exceptions
conftest.cc:11: error: from previous declaration 'void std::exit(int)'
configure:2592: $? = 1
configure: failed program was:
| /* confdefs.h.  */
| 
| #define PACKAGE_NAME ""
| #define PACKAGE_TARNAME ""
| #define PACKAGE_VERSION ""
| #define PACKAGE_STRING ""
| #define PACKAGE_BUGREPORT ""
| #define PACKAGE "gr-dcf77-transmitter"
| #define VERSION "3.0svn"
| /* end confdefs.h.  */
| extern "C" void std::exit (int); using std::exit;
| #include <stdlib.h>
| int
| main ()
| {
| exit (42);
|   ;
|   return 0;
| }
configure:2586: g++ -c -g -O2  conftest.cc >&5
configure:2592: $? = 0
configure:2595: test -z 			 || test ! -s conftest.err
configure:2598: $? = 0
configure:2601: test -s conftest.o
configure:2604: $? = 0
configure:2630: g++ -c -g -O2  conftest.cc >&5
configure:2636: $? = 0
configure:2639: test -z 			 || test ! -s conftest.err
configure:2642: $? = 0
configure:2645: test -s conftest.o
configure:2648: $? = 0
configure:2673: checking dependency style of g++
configure:2763: result: gcc3
configure:2785: checking how to run the C++ preprocessor
configure:2816: g++ -E  conftest.cc
configure:2822: $? = 0
configure:2854: g++ -E  conftest.cc
conftest.cc:14:28: error: ac_nonexistent.h: No such file or directory
configure:2860: $? = 1
configure: failed program was:
| /* confdefs.h.  */
| 
| #define PACKAGE_NAME ""
| #define PACKAGE_TARNAME ""
| #define PACKAGE_VERSION ""
| #define PACKAGE_STRING ""
| #define PACKAGE_BUGREPORT ""
| #define PACKAGE "gr-dcf77-transmitter"
| #define VERSION "3.0svn"
| #ifdef __cplusplus
| extern "C" void exit (int) throw ();
| #endif
| /* end confdefs.h.  */
| #include <ac_nonexistent.h>
configure:2899: result: g++ -E
configure:2923: g++ -E  conftest.cc
configure:2929: $? = 0
configure:2961: g++ -E  conftest.cc
conftest.cc:14:28: error: ac_nonexistent.h: No such file or directory
configure:2967: $? = 1
configure: failed program was:
| /* confdefs.h.  */
| 
| #define PACKAGE_NAME ""
| #define PACKAGE_TARNAME ""
| #define PACKAGE_VERSION ""
| #define PACKAGE_STRING ""
| #define PACKAGE_BUGREPORT ""
| #define PACKAGE "gr-dcf77-transmitter"
| #define VERSION "3.0svn"
| #ifdef __cplusplus
| extern "C" void exit (int) throw ();
| #endif
| /* end confdefs.h.  */
| #include <ac_nonexistent.h>
configure:3024: checking whether C++ has bool
configure:3040: g++ -o conftest -g -O2   conftest.cc  >&5
configure:3043: $? = 0
configure:3045: ./conftest
configure:3048: $? = 0
configure:3050: result: yes
configure:3069: checking whether C++ has buggy scoping in for-loops
configure:3090: g++ -c -g -O2  conftest.cc >&5
conftest.cc:14:22: error: iostream.h: No such file or directory
configure:3096: $? = 1
configure: failed program was:
| /* confdefs.h.  */
| 
| #define PACKAGE_NAME ""
| #define PACKAGE_TARNAME ""
| #define PACKAGE_VERSION ""
| #define PACKAGE_STRING ""
| #define PACKAGE_BUGREPORT ""
| #define PACKAGE "gr-dcf77-transmitter"
| #define VERSION "3.0svn"
| #ifdef __cplusplus
| extern "C" void exit (int) throw ();
| #endif
| /* end confdefs.h.  */
| #include <iostream.h>
| int
| main ()
| {
| 
|    for (int i=0;i<10;i++) { }
|    for (int i=0;i<10;i++) { }
| 
|   ;
|   return 0;
| }
configure:3116: result: yes
configure:3126: checking whether user wants assertions
configure:3139: result: yes
configure:3143: checking whether C++ has std::isnan
configure:3163: g++ -c -g -O2  conftest.cc >&5
conftest.cc: In function 'int main()':
conftest.cc:20: error: expected unqualified-id before '(' token
configure:3169: $? = 1
configure: failed program was:
| /* confdefs.h.  */
| 
| #define PACKAGE_NAME ""
| #define PACKAGE_TARNAME ""
| #define PACKAGE_VERSION ""
| #define PACKAGE_STRING ""
| #define PACKAGE_BUGREPORT ""
| #define PACKAGE "gr-dcf77-transmitter"
| #define VERSION "3.0svn"
| #ifdef __cplusplus
| extern "C" void exit (int) throw ();
| #endif
| #define CXX_HAS_BUGGY_FOR_LOOPS
| /* end confdefs.h.  */
| #include <math.h>
| int
| main ()
| {
| 
|    std::isnan(0);
| 
|   ;
|   return 0;
| }
configure:3194: result: no
configure:3208: checking whether user wants warnings
configure:3219: result: yes
configure:3253: checking whether g++ accepts -Wall
configure:3258: result: yes
configure:3253: checking whether g++ accepts -Woverloaded-virtual
configure:3258: result: yes
configure:3271: checking whether user wants gprof
configure:3281: result: no
configure:3334: checking whether user wants prof
configure:3344: result: no
configure:3442: checking for gcc
configure:3458: found /usr/bin/gcc
configure:3468: result: gcc
configure:3712: checking for C compiler version
configure:3715: gcc --version </dev/null >&5
gcc (Ubuntu 4.3.3-5ubuntu4) 4.3.3
Copyright (C) 2008 Free Software Foundation, Inc.
This is free software; see the source for copying conditions.  There is NO
warranty; not even for MERCHANTABILITY or FITNESS FOR A PARTICULAR PURPOSE.

configure:3718: $? = 0
configure:3720: gcc -v </dev/null >&5
Using built-in specs.
Target: i486-linux-gnu
Configured with: ../src/configure -v --with-pkgversion='Ubuntu 4.3.3-5ubuntu4' --with-bugurl=file:///usr/share/doc/gcc-4.3/README.Bugs --enable-languages=c,c++,fortran,objc,obj-c++ --prefix=/usr --enable-shared --with-system-zlib --libexecdir=/usr/lib --without-included-gettext --enable-threads=posix --enable-nls --with-gxx-include-dir=/usr/include/c++/4.3 --program-suffix=-4.3 --enable-clocale=gnu --enable-libstdcxx-debug --enable-objc-gc --enable-mpfr --enable-targets=all --with-tune=generic --enable-checking=release --build=i486-linux-gnu --host=i486-linux-gnu --target=i486-linux-gnu
Thread model: posix
gcc version 4.3.3 (Ubuntu 4.3.3-5ubuntu4) 
configure:3723: $? = 0
configure:3725: gcc -V </dev/null >&5
gcc: '-V' option must have argument
configure:3728: $? = 1
configure:3731: checking whether we are using the GNU C compiler
configure:3755: gcc -c   conftest.c >&5
configure:3761: $? = 0
configure:3764: test -z 			 || test ! -s conftest.err
configure:3767: $? = 0
configure:3770: test -s conftest.o
configure:3773: $? = 0
configure:3786: result: yes
configure:3792: checking whether gcc accepts -g
configure:3813: gcc -c -g  conftest.c >&5
configure:3819: $? = 0
configure:3822: test -z 			 || test ! -s conftest.err
configure:3825: $? = 0
configure:3828: test -s conftest.o
configure:3831: $? = 0
configure:3842: result: yes
configure:3859: checking for gcc option to accept ANSI C
configure:3929: gcc  -c -g -O2  conftest.c >&5
configure:3935: $? = 0
configure:3938: test -z 			 || test ! -s conftest.err
configure:3941: $? = 0
configure:3944: test -s conftest.o
configure:3947: $? = 0
configure:3965: result: none needed
configure:3983: gcc -c -g -O2  conftest.c >&5
conftest.c:2: error: expected '=', ',', ';', 'asm' or '__attribute__' before 'me'
configure:3989: $? = 1
configure: failed program was:
| #ifndef __cplusplus
|   choke me
| #endif
configure:4121: checking dependency style of gcc
configure:4211: result: gcc3
configure:4235: checking whether ln -s works
configure:4239: result: yes
configure:4246: checking whether make sets $(MAKE)
configure:4266: result: yes
configure:4288: checking for a BSD-compatible install
configure:4343: result: /usr/bin/install -c
configure:4356: checking for rm
configure:4374: found /bin/rm
configure:4386: result: /bin/rm
configure:4467: checking for a sed that does not truncate output
configure:4521: result: /bin/sed
configure:4524: checking for egrep
configure:4534: result: grep -E
configure:4550: checking for ld used by gcc
configure:4617: result: /usr/bin/ld
configure:4626: checking if the linker (/usr/bin/ld) is GNU ld
configure:4641: result: yes
configure:4646: checking for /usr/bin/ld option to reload object files
configure:4653: result: -r
configure:4671: checking for BSD-compatible nm
configure:4720: result: /usr/bin/nm -B
configure:4724: checking how to recognise dependent libraries
configure:4900: result: pass_all
configure:5378: checking how to run the C preprocessor
configure:5413: gcc -E  conftest.c
configure:5419: $? = 0
configure:5451: gcc -E  conftest.c
conftest.c:15:28: error: ac_nonexistent.h: No such file or directory
configure:5457: $? = 1
configure: failed program was:
| /* confdefs.h.  */
| 
| #define PACKAGE_NAME ""
| #define PACKAGE_TARNAME ""
| #define PACKAGE_VERSION ""
| #define PACKAGE_STRING ""
| #define PACKAGE_BUGREPORT ""
| #define PACKAGE "gr-dcf77-transmitter"
| #define VERSION "3.0svn"
| #ifdef __cplusplus
| extern "C" void exit (int) throw ();
| #endif
| #define CXX_HAS_BUGGY_FOR_LOOPS
| /* end confdefs.h.  */
| #include <ac_nonexistent.h>
configure:5496: result: gcc -E
configure:5520: gcc -E  conftest.c
configure:5526: $? = 0
configure:5558: gcc -E  conftest.c
conftest.c:15:28: error: ac_nonexistent.h: No such file or directory
configure:5564: $? = 1
configure: failed program was:
| /* confdefs.h.  */
| 
| #define PACKAGE_NAME ""
| #define PACKAGE_TARNAME ""
| #define PACKAGE_VERSION ""
| #define PACKAGE_STRING ""
| #define PACKAGE_BUGREPORT ""
| #define PACKAGE "gr-dcf77-transmitter"
| #define VERSION "3.0svn"
| #ifdef __cplusplus
| extern "C" void exit (int) throw ();
| #endif
| #define CXX_HAS_BUGGY_FOR_LOOPS
| /* end confdefs.h.  */
| #include <ac_nonexistent.h>
configure:5608: checking for ANSI C header files
configure:5633: gcc -c -g -O2  conftest.c >&5
configure:5639: $? = 0
configure:5642: test -z 			 || test ! -s conftest.err
configure:5645: $? = 0
configure:5648: test -s conftest.o
configure:5651: $? = 0
configure:5740: gcc -o conftest -g -O2   conftest.c  >&5
conftest.c: In function 'main':
conftest.c:32: warning: incompatible implicit declaration of built-in function 'exit'
configure:5743: $? = 0
configure:5745: ./conftest
configure:5748: $? = 0
configure:5763: result: yes
configure:5787: checking for sys/types.h
configure:5803: gcc -c -g -O2  conftest.c >&5
configure:5809: $? = 0
configure:5812: test -z 			 || test ! -s conftest.err
configure:5815: $? = 0
configure:5818: test -s conftest.o
configure:5821: $? = 0
configure:5832: result: yes
configure:5787: checking for sys/stat.h
configure:5803: gcc -c -g -O2  conftest.c >&5
configure:5809: $? = 0
configure:5812: test -z 			 || test ! -s conftest.err
configure:5815: $? = 0
configure:5818: test -s conftest.o
configure:5821: $? = 0
configure:5832: result: yes
configure:5787: checking for stdlib.h
configure:5803: gcc -c -g -O2  conftest.c >&5
configure:5809: $? = 0
configure:5812: test -z 			 || test ! -s conftest.err
configure:5815: $? = 0
configure:5818: test -s conftest.o
configure:5821: $? = 0
configure:5832: result: yes
configure:5787: checking for string.h
configure:5803: gcc -c -g -O2  conftest.c >&5
configure:5809: $? = 0
configure:5812: test -z 			 || test ! -s conftest.err
configure:5815: $? = 0
configure:5818: test -s conftest.o
configure:5821: $? = 0
configure:5832: result: yes
configure:5787: checking for memory.h
configure:5803: gcc -c -g -O2  conftest.c >&5
configure:5809: $? = 0
configure:5812: test -z 			 || test ! -s conftest.err
configure:5815: $? = 0
configure:5818: test -s conftest.o
configure:5821: $? = 0
configure:5832: result: yes
configure:5787: checking for strings.h
configure:5803: gcc -c -g -O2  conftest.c >&5
configure:5809: $? = 0
configure:5812: test -z 			 || test ! -s conftest.err
configure:5815: $? = 0
configure:5818: test -s conftest.o
configure:5821: $? = 0
configure:5832: result: yes
configure:5787: checking for inttypes.h
configure:5803: gcc -c -g -O2  conftest.c >&5
configure:5809: $? = 0
configure:5812: test -z 			 || test ! -s conftest.err
configure:5815: $? = 0
configure:5818: test -s conftest.o
configure:5821: $? = 0
configure:5832: result: yes
configure:5787: checking for stdint.h
configure:5803: gcc -c -g -O2  conftest.c >&5
configure:5809: $? = 0
configure:5812: test -z 			 || test ! -s conftest.err
configure:5815: $? = 0
configure:5818: test -s conftest.o
configure:5821: $? = 0
configure:5832: result: yes
configure:5787: checking for unistd.h
configure:5803: gcc -c -g -O2  conftest.c >&5
configure:5809: $? = 0
configure:5812: test -z 			 || test ! -s conftest.err
configure:5815: $? = 0
configure:5818: test -s conftest.o
configure:5821: $? = 0
configure:5832: result: yes
configure:5858: checking dlfcn.h usability
configure:5870: gcc -c -g -O2  conftest.c >&5
configure:5876: $? = 0
configure:5879: test -z 			 || test ! -s conftest.err
configure:5882: $? = 0
configure:5885: test -s conftest.o
configure:5888: $? = 0
configure:5898: result: yes
configure:5902: checking dlfcn.h presence
configure:5912: gcc -E  conftest.c
configure:5918: $? = 0
configure:5938: result: yes
configure:5973: checking for dlfcn.h
configure:5980: result: yes
configure:6003: checking how to run the C++ preprocessor
configure:6117: result: g++ -E
configure:6141: g++ -E  conftest.cc
configure:6147: $? = 0
configure:6179: g++ -E  conftest.cc
conftest.cc:26:28: error: ac_nonexistent.h: No such file or directory
configure:6185: $? = 1
configure: failed program was:
| /* confdefs.h.  */
| 
| #define PACKAGE_NAME ""
| #define PACKAGE_TARNAME ""
| #define PACKAGE_VERSION ""
| #define PACKAGE_STRING ""
| #define PACKAGE_BUGREPORT ""
| #define PACKAGE "gr-dcf77-transmitter"
| #define VERSION "3.0svn"
| #ifdef __cplusplus
| extern "C" void exit (int) throw ();
| #endif
| #define CXX_HAS_BUGGY_FOR_LOOPS
| #define STDC_HEADERS 1
| #define HAVE_SYS_TYPES_H 1
| #define HAVE_SYS_STAT_H 1
| #define HAVE_STDLIB_H 1
| #define HAVE_STRING_H 1
| #define HAVE_MEMORY_H 1
| #define HAVE_STRINGS_H 1
| #define HAVE_INTTYPES_H 1
| #define HAVE_STDINT_H 1
| #define HAVE_UNISTD_H 1
| #define HAVE_DLFCN_H 1
| /* end confdefs.h.  */
| #include <ac_nonexistent.h>
configure:6281: checking for g77
configure:6310: result: no
configure:6281: checking for f77
configure:6310: result: no
configure:6281: checking for xlf
configure:6310: result: no
configure:6281: checking for frt
configure:6310: result: no
configure:6281: checking for pgf77
configure:6310: result: no
configure:6281: checking for fort77
configure:6310: result: no
configure:6281: checking for fl32
configure:6310: result: no
configure:6281: checking for af77
configure:6310: result: no
configure:6281: checking for f90
configure:6310: result: no
configure:6281: checking for xlf90
configure:6310: result: no
configure:6281: checking for pgf90
configure:6310: result: no
configure:6281: checking for epcf90
configure:6310: result: no
configure:6281: checking for f95
configure:6310: result: no
configure:6281: checking for fort
configure:6310: result: no
configure:6281: checking for xlf95
configure:6310: result: no
configure:6281: checking for ifc
configure:6310: result: no
configure:6281: checking for efc
configure:6310: result: no
configure:6281: checking for pgf95
configure:6310: result: no
configure:6281: checking for lf95
configure:6310: result: no
configure:6281: checking for gfortran
configure:6310: result: no
configure:6322: checking for Fortran 77 compiler version
configure:6325:  --version </dev/null >&5
./configure: line 6326: --version: command not found
configure:6328: $? = 127
configure:6330:  -v </dev/null >&5
./configure: line 6331: -v: command not found
configure:6333: $? = 127
configure:6335:  -V </dev/null >&5
./configure: line 6336: -V: command not found
configure:6338: $? = 127
configure:6346: checking whether we are using the GNU Fortran 77 compiler
configure:6360:  -c  conftest.F >&5
./configure: line 6361: -c: command not found
configure:6366: $? = 127
configure: failed program was:
|       program main
| #ifndef __GNUC__
|        choke me
| #endif
| 
|       end
configure:6391: result: no
configure:6397: checking whether  accepts -g
configure:6409:  -c -g conftest.f >&5
./configure: line 6410: -c: command not found
configure:6415: $? = 127
configure: failed program was:
|       program main
| 
|       end
configure:6439: result: no
configure:6469: checking the maximum length of command line arguments
configure:6578: result: 32768
configure:6589: checking command to parse /usr/bin/nm -B output from gcc object
configure:6694: gcc -c -g -O2  conftest.c >&5
configure:6697: $? = 0
configure:6701: /usr/bin/nm -B conftest.o \| sed -n -e 's/^.*[ 	]\([ABCDGIRSTW][ABCDGIRSTW]*\)[ 	][ 	]*\([_A-Za-z][_A-Za-z0-9]*\)$/\1 \2 \2/p' \> conftest.nm
configure:6704: $? = 0
configure:6756: gcc -o conftest -g -O2   conftest.c conftstm.o >&5
configure:6759: $? = 0
configure:6797: result: ok
configure:6801: checking for objdir
configure:6816: result: .libs
configure:6906: checking for ar
configure:6922: found /usr/bin/ar
configure:6933: result: ar
configure:6986: checking for ranlib
configure:7002: found /usr/bin/ranlib
configure:7013: result: ranlib
configure:7066: checking for strip
configure:7082: found /usr/bin/strip
configure:7093: result: strip
configure:7365: checking if gcc supports -fno-rtti -fno-exceptions
configure:7383: gcc -c -g -O2  -fno-rtti -fno-exceptions conftest.c >&5
cc1: warning: command line option "-fno-rtti" is valid for C++/ObjC++ but not for C
configure:7387: $? = 0
configure:7400: result: no
configure:7415: checking for gcc option to produce PIC
configure:7625: result: -fPIC
configure:7633: checking if gcc PIC flag -fPIC works
configure:7651: gcc -c -g -O2  -fPIC -DPIC conftest.c >&5
configure:7655: $? = 0
configure:7668: result: yes
configure:7696: checking if gcc static flag -static works
configure:7724: result: yes
configure:7734: checking if gcc supports -c -o file.o
configure:7755: gcc -c -g -O2  -o out/conftest2.o conftest.c >&5
configure:7759: $? = 0
configure:7781: result: yes
configure:7807: checking whether the gcc linker (/usr/bin/ld) supports shared libraries
configure:8773: result: yes
configure:8794: checking whether -lc should be explicitly linked in
configure:8799: gcc -c -g -O2  conftest.c >&5
configure:8802: $? = 0
configure:8817: gcc -shared conftest.o  -v -Wl,-soname -Wl,conftest -o conftest 2\>\&1 \| grep  -lc  \>/dev/null 2\>\&1
configure:8820: $? = 0
configure:8832: result: no
configure:8840: checking dynamic linker characteristics
configure:9440: result: GNU/Linux ld.so
configure:9449: checking how to hardcode library paths into programs
configure:9474: result: immediate
configure:9488: checking whether stripping libraries is possible
configure:9493: result: yes
configure:10320: checking if libtool supports shared libraries
configure:10322: result: yes
configure:10325: checking whether to build shared libraries
configure:10346: result: yes
configure:10349: checking whether to build static libraries
configure:10353: result: no
configure:10445: creating libtool
configure:11033: checking for ld used by g++
configure:11100: result: /usr/bin/ld
configure:11109: checking if the linker (/usr/bin/ld) is GNU ld
configure:11124: result: yes
configure:11175: checking whether the g++ linker (/usr/bin/ld) supports shared libraries
configure:12111: result: yes
configure:12129: g++ -c -g -O2 -Wall -Woverloaded-virtual  conftest.cpp >&5
configure:12132: $? = 0
configure:12251: checking for g++ option to produce PIC
configure:12525: result: -fPIC
configure:12533: checking if g++ PIC flag -fPIC works
configure:12551: g++ -c -g -O2 -Wall -Woverloaded-virtual  -fPIC -DPIC conftest.cpp >&5
configure:12555: $? = 0
configure:12568: result: yes
configure:12596: checking if g++ static flag -static works
configure:12624: result: yes
configure:12634: checking if g++ supports -c -o file.o
configure:12655: g++ -c -g -O2 -Wall -Woverloaded-virtual  -o out/conftest2.o conftest.cpp >&5
configure:12659: $? = 0
configure:12681: result: yes
configure:12707: checking whether the g++ linker (/usr/bin/ld) supports shared libraries
configure:12738: result: yes
configure:12805: checking dynamic linker characteristics
configure:13405: result: GNU/Linux ld.so
configure:13414: checking how to hardcode library paths into programs
configure:13439: result: immediate
configure:19653: checking for python
configure:19671: found /usr/bin/python
configure:19683: result: /usr/bin/python
configure:19705: checking for python version
configure:19712: result: 2.6
configure:19724: checking for python platform
configure:19731: result: linux2
configure:19738: checking for python script directory
configure:19746: result: ${prefix}/lib/python2.6/site-packages
configure:19755: checking for python extension module directory
configure:19763: result: ${exec_prefix}/lib/python2.6/site-packages
configure:19781: checking for Python include path
configure:19799: result: /usr/include/python2.6
configure:19827: checking Python.h usability
configure:19839: gcc -c -g -O2  -I/usr/include/python2.6 conftest.c >&5
configure:19845: $? = 0
configure:19848: test -z 			 || test ! -s conftest.err
configure:19851: $? = 0
configure:19854: test -s conftest.o
configure:19857: $? = 0
configure:19867: result: yes
configure:19871: checking Python.h presence
configure:19881: gcc -E  -I/usr/include/python2.6 conftest.c
configure:19887: $? = 0
configure:19907: result: yes
configure:19942: checking for Python.h
configure:19949: result: yes
configure:20043: checking for swig
configure:20059: found /usr/bin/swig
configure:20069: result: /usr/bin/swig
configure:20082: checking for SWIG version
configure:20086: result: 1.3.36
configure:20276: checking for the pthreads library -lpthreads
configure:20314: gcc -o conftest -g -O2    conftest.c -lpthreads  >&5
/usr/bin/ld: cannot find -lpthreads
collect2: ld returned 1 exit status
configure:20320: $? = 1
configure: failed program was:
| /* confdefs.h.  */
| 
| #define PACKAGE_NAME ""
| #define PACKAGE_TARNAME ""
| #define PACKAGE_VERSION ""
| #define PACKAGE_STRING ""
| #define PACKAGE_BUGREPORT ""
| #define PACKAGE "gr-dcf77-transmitter"
| #define VERSION "3.0svn"
| #ifdef __cplusplus
| extern "C" void exit (int) throw ();
| #endif
| #define CXX_HAS_BUGGY_FOR_LOOPS
| #define STDC_HEADERS 1
| #define HAVE_SYS_TYPES_H 1
| #define HAVE_SYS_STAT_H 1
| #define HAVE_STDLIB_H 1
| #define HAVE_STRING_H 1
| #define HAVE_MEMORY_H 1
| #define HAVE_STRINGS_H 1
| #define HAVE_INTTYPES_H 1
| #define HAVE_STDINT_H 1
| #define HAVE_UNISTD_H 1
| #define HAVE_DLFCN_H 1
| #define HAVE_PYTHON_H 1
| /* end confdefs.h.  */
| #include <pthread.h>
| int
| main ()
| {
| pthread_t th; pthread_join(th, 0);
|                      pthread_attr_init(0); pthread_cleanup_push(0, 0);
|                      pthread_create(0,0,0,0); pthread_cleanup_pop(0);
|   ;
|   return 0;
| }
configure:20346: result: no
configure:20265: checking whether pthreads work without any flags
configure:20314: gcc -o conftest -g -O2    conftest.c   >&5
/tmp/cc4EPSLA.o: In function `main':
/home/martin/gr-dcf77/conftest.c:31: undefined reference to `pthread_join'
/home/martin/gr-dcf77/conftest.c:32: undefined reference to `__pthread_register_cancel'
/home/martin/gr-dcf77/conftest.c:33: undefined reference to `pthread_create'
/home/martin/gr-dcf77/conftest.c:33: undefined reference to `__pthread_unregister_cancel'
collect2: ld returned 1 exit status
configure:20320: $? = 1
configure: failed program was:
| /* confdefs.h.  */
| 
| #define PACKAGE_NAME ""
| #define PACKAGE_TARNAME ""
| #define PACKAGE_VERSION ""
| #define PACKAGE_STRING ""
| #define PACKAGE_BUGREPORT ""
| #define PACKAGE "gr-dcf77-transmitter"
| #define VERSION "3.0svn"
| #ifdef __cplusplus
| extern "C" void exit (int) throw ();
| #endif
| #define CXX_HAS_BUGGY_FOR_LOOPS
| #define STDC_HEADERS 1
| #define HAVE_SYS_TYPES_H 1
| #define HAVE_SYS_STAT_H 1
| #define HAVE_STDLIB_H 1
| #define HAVE_STRING_H 1
| #define HAVE_MEMORY_H 1
| #define HAVE_STRINGS_H 1
| #define HAVE_INTTYPES_H 1
| #define HAVE_STDINT_H 1
| #define HAVE_UNISTD_H 1
| #define HAVE_DLFCN_H 1
| #define HAVE_PYTHON_H 1
| /* end confdefs.h.  */
| #include <pthread.h>
| int
| main ()
| {
| pthread_t th; pthread_join(th, 0);
|                      pthread_attr_init(0); pthread_cleanup_push(0, 0);
|                      pthread_create(0,0,0,0); pthread_cleanup_pop(0);
|   ;
|   return 0;
| }
configure:20346: result: no
configure:20270: checking whether pthreads work with -Kthread
configure:20314: gcc -o conftest -g -O2 -Kthread   conftest.c   >&5
gcc: unrecognized option '-Kthread'
/tmp/cc8lpGh3.o: In function `main':
/home/martin/gr-dcf77/conftest.c:31: undefined reference to `pthread_join'
/home/martin/gr-dcf77/conftest.c:32: undefined reference to `__pthread_register_cancel'
/home/martin/gr-dcf77/conftest.c:33: undefined reference to `pthread_create'
/home/martin/gr-dcf77/conftest.c:33: undefined reference to `__pthread_unregister_cancel'
collect2: ld returned 1 exit status
configure:20320: $? = 1
configure: failed program was:
| /* confdefs.h.  */
| 
| #define PACKAGE_NAME ""
| #define PACKAGE_TARNAME ""
| #define PACKAGE_VERSION ""
| #define PACKAGE_STRING ""
| #define PACKAGE_BUGREPORT ""
| #define PACKAGE "gr-dcf77-transmitter"
| #define VERSION "3.0svn"
| #ifdef __cplusplus
| extern "C" void exit (int) throw ();
| #endif
| #define CXX_HAS_BUGGY_FOR_LOOPS
| #define STDC_HEADERS 1
| #define HAVE_SYS_TYPES_H 1
| #define HAVE_SYS_STAT_H 1
| #define HAVE_STDLIB_H 1
| #define HAVE_STRING_H 1
| #define HAVE_MEMORY_H 1
| #define HAVE_STRINGS_H 1
| #define HAVE_INTTYPES_H 1
| #define HAVE_STDINT_H 1
| #define HAVE_UNISTD_H 1
| #define HAVE_DLFCN_H 1
| #define HAVE_PYTHON_H 1
| /* end confdefs.h.  */
| #include <pthread.h>
| int
| main ()
| {
| pthread_t th; pthread_join(th, 0);
|                      pthread_attr_init(0); pthread_cleanup_push(0, 0);
|                      pthread_create(0,0,0,0); pthread_cleanup_pop(0);
|   ;
|   return 0;
| }
configure:20346: result: no
configure:20270: checking whether pthreads work with -kthread
configure:20314: gcc -o conftest -g -O2 -kthread   conftest.c   >&5
gcc: unrecognized option '-kthread'
/tmp/ccrMuLLj.o: In function `main':
/home/martin/gr-dcf77/conftest.c:31: undefined reference to `pthread_join'
/home/martin/gr-dcf77/conftest.c:32: undefined reference to `__pthread_register_cancel'
/home/martin/gr-dcf77/conftest.c:33: undefined reference to `pthread_create'
/home/martin/gr-dcf77/conftest.c:33: undefined reference to `__pthread_unregister_cancel'
collect2: ld returned 1 exit status
configure:20320: $? = 1
configure: failed program was:
| /* confdefs.h.  */
| 
| #define PACKAGE_NAME ""
| #define PACKAGE_TARNAME ""
| #define PACKAGE_VERSION ""
| #define PACKAGE_STRING ""
| #define PACKAGE_BUGREPORT ""
| #define PACKAGE "gr-dcf77-transmitter"
| #define VERSION "3.0svn"
| #ifdef __cplusplus
| extern "C" void exit (int) throw ();
| #endif
| #define CXX_HAS_BUGGY_FOR_LOOPS
| #define STDC_HEADERS 1
| #define HAVE_SYS_TYPES_H 1
| #define HAVE_SYS_STAT_H 1
| #define HAVE_STDLIB_H 1
| #define HAVE_STRING_H 1
| #define HAVE_MEMORY_H 1
| #define HAVE_STRINGS_H 1
| #define HAVE_INTTYPES_H 1
| #define HAVE_STDINT_H 1
| #define HAVE_UNISTD_H 1
| #define HAVE_DLFCN_H 1
| #define HAVE_PYTHON_H 1
| /* end confdefs.h.  */
| #include <pthread.h>
| int
| main ()
| {
| pthread_t th; pthread_join(th, 0);
|                      pthread_attr_init(0); pthread_cleanup_push(0, 0);
|                      pthread_create(0,0,0,0); pthread_cleanup_pop(0);
|   ;
|   return 0;
| }
configure:20346: result: no
configure:20276: checking for the pthreads library -llthread
configure:20314: gcc -o conftest -g -O2    conftest.c -llthread  >&5
/usr/bin/ld: cannot find -llthread
collect2: ld returned 1 exit status
configure:20320: $? = 1
configure: failed program was:
| /* confdefs.h.  */
| 
| #define PACKAGE_NAME ""
| #define PACKAGE_TARNAME ""
| #define PACKAGE_VERSION ""
| #define PACKAGE_STRING ""
| #define PACKAGE_BUGREPORT ""
| #define PACKAGE "gr-dcf77-transmitter"
| #define VERSION "3.0svn"
| #ifdef __cplusplus
| extern "C" void exit (int) throw ();
| #endif
| #define CXX_HAS_BUGGY_FOR_LOOPS
| #define STDC_HEADERS 1
| #define HAVE_SYS_TYPES_H 1
| #define HAVE_SYS_STAT_H 1
| #define HAVE_STDLIB_H 1
| #define HAVE_STRING_H 1
| #define HAVE_MEMORY_H 1
| #define HAVE_STRINGS_H 1
| #define HAVE_INTTYPES_H 1
| #define HAVE_STDINT_H 1
| #define HAVE_UNISTD_H 1
| #define HAVE_DLFCN_H 1
| #define HAVE_PYTHON_H 1
| /* end confdefs.h.  */
| #include <pthread.h>
| int
| main ()
| {
| pthread_t th; pthread_join(th, 0);
|                      pthread_attr_init(0); pthread_cleanup_push(0, 0);
|                      pthread_create(0,0,0,0); pthread_cleanup_pop(0);
|   ;
|   return 0;
| }
configure:20346: result: no
configure:20270: checking whether pthreads work with -pthread
configure:20314: gcc -o conftest -g -O2 -pthread   conftest.c   >&5
configure:20320: $? = 0
configure:20323: test -z 			 || test ! -s conftest.err
configure:20326: $? = 0
configure:20329: test -s conftest
configure:20332: $? = 0
configure:20346: result: yes
configure:20366: checking for joinable pthread attribute
configure:20384: gcc -o conftest -g -O2 -pthread   conftest.c   >&5
configure:20390: $? = 0
configure:20393: test -z 			 || test ! -s conftest.err
configure:20396: $? = 0
configure:20399: test -s conftest
configure:20402: $? = 0
configure:20467: result: PTHREAD_CREATE_JOINABLE
configure:20474: checking if more special flags are required for pthreads
configure:20481: result: no
configure:20493: checking for cc_r
configure:20520: result: gcc
configure:20634: checking for library containing clock_gettime
configure:20664: gcc -o conftest -g -O2   conftest.c  >&5
/tmp/cc6vUlsV.o: In function `main':
/home/martin/gr-dcf77/conftest.c:39: undefined reference to `clock_gettime'
collect2: ld returned 1 exit status
configure:20670: $? = 1
configure: failed program was:
| /* confdefs.h.  */
| 
| #define PACKAGE_NAME ""
| #define PACKAGE_TARNAME ""
| #define PACKAGE_VERSION ""
| #define PACKAGE_STRING ""
| #define PACKAGE_BUGREPORT ""
| #define PACKAGE "gr-dcf77-transmitter"
| #define VERSION "3.0svn"
| #ifdef __cplusplus
| extern "C" void exit (int) throw ();
| #endif
| #define CXX_HAS_BUGGY_FOR_LOOPS
| #define STDC_HEADERS 1
| #define HAVE_SYS_TYPES_H 1
| #define HAVE_SYS_STAT_H 1
| #define HAVE_STDLIB_H 1
| #define HAVE_STRING_H 1
| #define HAVE_MEMORY_H 1
| #define HAVE_STRINGS_H 1
| #define HAVE_INTTYPES_H 1
| #define HAVE_STDINT_H 1
| #define HAVE_UNISTD_H 1
| #define HAVE_DLFCN_H 1
| #define HAVE_PYTHON_H 1
| #define OMNITHREAD_POSIX 1
| /* end confdefs.h.  */
| 
| /* Override any gcc2 internal prototype to avoid an error.  */
| #ifdef __cplusplus
| extern "C"
| #endif
| /* We use char because int might match the return type of a gcc2
|    builtin and then its argument prototype would still apply.  */
| char clock_gettime ();
| int
| main ()
| {
| clock_gettime ();
|   ;
|   return 0;
| }
configure:20718: gcc -o conftest -g -O2   conftest.c -lrt   >&5
configure:20724: $? = 0
configure:20727: test -z 			 || test ! -s conftest.err
configure:20730: $? = 0
configure:20733: test -s conftest
configure:20736: $? = 0
configure:20751: result: -lrt
configure:20764: checking for clock_gettime
configure:20821: gcc -o conftest -g -O2   conftest.c -lrt  >&5
configure:20827: $? = 0
configure:20830: test -z 			 || test ! -s conftest.err
configure:20833: $? = 0
configure:20836: test -s conftest
configure:20839: $? = 0
configure:20851: result: yes
configure:20764: checking for gettimeofday
configure:20821: gcc -o conftest -g -O2   conftest.c -lrt  >&5
configure:20827: $? = 0
configure:20830: test -z 			 || test ! -s conftest.err
configure:20833: $? = 0
configure:20836: test -s conftest
configure:20839: $? = 0
configure:20851: result: yes
configure:20764: checking for nanosleep
configure:20821: gcc -o conftest -g -O2   conftest.c -lrt  >&5
configure:20827: $? = 0
configure:20830: test -z 			 || test ! -s conftest.err
configure:20833: $? = 0
configure:20836: test -s conftest
configure:20839: $? = 0
configure:20851: result: yes
configure:20873: checking for ANSI C header files
configure:21028: result: yes
configure:21038: checking for sys/wait.h that is POSIX.1 compatible
configure:21069: gcc -c -g -O2 -pthread  conftest.c >&5
configure:21075: $? = 0
configure:21078: test -z 			 || test ! -s conftest.err
configure:21081: $? = 0
configure:21084: test -s conftest.o
configure:21087: $? = 0
configure:21098: result: yes
configure:21127: checking fcntl.h usability
configure:21139: gcc -c -g -O2 -pthread  conftest.c >&5
configure:21145: $? = 0
configure:21148: test -z 			 || test ! -s conftest.err
configure:21151: $? = 0
configure:21154: test -s conftest.o
configure:21157: $? = 0
configure:21167: result: yes
configure:21171: checking fcntl.h presence
configure:21181: gcc -E  conftest.c
configure:21187: $? = 0
configure:21207: result: yes
configure:21242: checking for fcntl.h
configure:21249: result: yes
configure:21127: checking limits.h usability
configure:21139: gcc -c -g -O2 -pthread  conftest.c >&5
configure:21145: $? = 0
configure:21148: test -z 			 || test ! -s conftest.err
configure:21151: $? = 0
configure:21154: test -s conftest.o
configure:21157: $? = 0
configure:21167: result: yes
configure:21171: checking limits.h presence
configure:21181: gcc -E  conftest.c
configure:21187: $? = 0
configure:21207: result: yes
configure:21242: checking for limits.h
configure:21249: result: yes
configure:21118: checking for strings.h
configure:21123: result: yes
configure:21127: checking sys/ioctl.h usability
configure:21139: gcc -c -g -O2 -pthread  conftest.c >&5
configure:21145: $? = 0
configure:21148: test -z 			 || test ! -s conftest.err
configure:21151: $? = 0
configure:21154: test -s conftest.o
configure:21157: $? = 0
configure:21167: result: yes
configure:21171: checking sys/ioctl.h presence
configure:21181: gcc -E  conftest.c
configure:21187: $? = 0
configure:21207: result: yes
configure:21242: checking for sys/ioctl.h
configure:21249: result: yes
configure:21127: checking sys/time.h usability
configure:21139: gcc -c -g -O2 -pthread  conftest.c >&5
configure:21145: $? = 0
configure:21148: test -z 			 || test ! -s conftest.err
configure:21151: $? = 0
configure:21154: test -s conftest.o
configure:21157: $? = 0
configure:21167: result: yes
configure:21171: checking sys/time.h presence
configure:21181: gcc -E  conftest.c
configure:21187: $? = 0
configure:21207: result: yes
configure:21242: checking for sys/time.h
configure:21249: result: yes
configure:21118: checking for unistd.h
configure:21123: result: yes
configure:21276: checking sys/mman.h usability
configure:21288: gcc -c -g -O2 -pthread  conftest.c >&5
configure:21294: $? = 0
configure:21297: test -z 			 || test ! -s conftest.err
configure:21300: $? = 0
configure:21303: test -s conftest.o
configure:21306: $? = 0
configure:21316: result: yes
configure:21320: checking sys/mman.h presence
configure:21330: gcc -E  conftest.c
configure:21336: $? = 0
configure:21356: result: yes
configure:21391: checking for sys/mman.h
configure:21398: result: yes
configure:21412: checking for an ANSI C-conforming const
configure:21479: gcc -c -g -O2 -pthread  conftest.c >&5
configure:21485: $? = 0
configure:21488: test -z 			 || test ! -s conftest.err
configure:21491: $? = 0
configure:21494: test -s conftest.o
configure:21497: $? = 0
configure:21508: result: yes
configure:21518: checking for inline
configure:21539: gcc -c -g -O2 -pthread  conftest.c >&5
configure:21545: $? = 0
configure:21548: test -z 			 || test ! -s conftest.err
configure:21551: $? = 0
configure:21554: test -s conftest.o
configure:21557: $? = 0
configure:21569: result: inline
configure:21588: checking for size_t
configure:21612: gcc -c -g -O2 -pthread  conftest.c >&5
configure:21618: $? = 0
configure:21621: test -z 			 || test ! -s conftest.err
configure:21624: $? = 0
configure:21627: test -s conftest.o
configure:21630: $? = 0
configure:21641: result: yes
configure:21653: checking whether time.h and sys/time.h may both be included
configure:21678: gcc -c -g -O2 -pthread  conftest.c >&5
configure:21684: $? = 0
configure:21687: test -z 			 || test ! -s conftest.err
configure:21690: $? = 0
configure:21693: test -s conftest.o
configure:21696: $? = 0
configure:21707: result: yes
configure:21828: checking for sys/types.h
configure:21833: result: yes
configure:21828: checking for fcntl.h
configure:21833: result: yes
configure:21837: checking io.h usability
configure:21849: gcc -c -g -O2 -pthread  conftest.c >&5
conftest.c:77:16: error: io.h: No such file or directory
configure:21855: $? = 1
configure: failed program was:
| /* confdefs.h.  */
| 
| #define PACKAGE_NAME ""
| #define PACKAGE_TARNAME ""
| #define PACKAGE_VERSION ""
| #define PACKAGE_STRING ""
| #define PACKAGE_BUGREPORT ""
| #define PACKAGE "gr-dcf77-transmitter"
| #define VERSION "3.0svn"
| #ifdef __cplusplus
| extern "C" void exit (int) throw ();
| #endif
| #define CXX_HAS_BUGGY_FOR_LOOPS
| #define STDC_HEADERS 1
| #define HAVE_SYS_TYPES_H 1
| #define HAVE_SYS_STAT_H 1
| #define HAVE_STDLIB_H 1
| #define HAVE_STRING_H 1
| #define HAVE_MEMORY_H 1
| #define HAVE_STRINGS_H 1
| #define HAVE_INTTYPES_H 1
| #define HAVE_STDINT_H 1
| #define HAVE_UNISTD_H 1
| #define HAVE_DLFCN_H 1
| #define HAVE_PYTHON_H 1
| #define OMNITHREAD_POSIX 1
| #define HAVE_CLOCK_GETTIME 1
| #define HAVE_GETTIMEOFDAY 1
| #define HAVE_NANOSLEEP 1
| #define STDC_HEADERS 1
| #define HAVE_SYS_WAIT_H 1
| #define HAVE_FCNTL_H 1
| #define HAVE_LIMITS_H 1
| #define HAVE_STRINGS_H 1
| #define HAVE_SYS_IOCTL_H 1
| #define HAVE_SYS_TIME_H 1
| #define HAVE_UNISTD_H 1
| #define HAVE_SYS_MMAN_H 1
| #define TIME_WITH_SYS_TIME 1
| #define HAVE_SYS_TYPES_H 1
| #define HAVE_FCNTL_H 1
| /* end confdefs.h.  */
| #include <stdio.h>
| #if HAVE_SYS_TYPES_H
| # include <sys/types.h>
| #endif
| #if HAVE_SYS_STAT_H
| # include <sys/stat.h>
| #endif
| #if STDC_HEADERS
| # include <stdlib.h>
| # include <stddef.h>
| #else
| # if HAVE_STDLIB_H
| #  include <stdlib.h>
| # endif
| #endif
| #if HAVE_STRING_H
| # if !STDC_HEADERS && HAVE_MEMORY_H
| #  include <memory.h>
| # endif
| # include <string.h>
| #endif
| #if HAVE_STRINGS_H
| # include <strings.h>
| #endif
| #if HAVE_INTTYPES_H
| # include <inttypes.h>
| #else
| # if HAVE_STDINT_H
| #  include <stdint.h>
| # endif
| #endif
| #if HAVE_UNISTD_H
| # include <unistd.h>
| #endif
| #include <io.h>
configure:21877: result: no
configure:21881: checking io.h presence
configure:21891: gcc -E  conftest.c
conftest.c:43:16: error: io.h: No such file or directory
configure:21897: $? = 1
configure: failed program was:
| /* confdefs.h.  */
| 
| #define PACKAGE_NAME ""
| #define PACKAGE_TARNAME ""
| #define PACKAGE_VERSION ""
| #define PACKAGE_STRING ""
| #define PACKAGE_BUGREPORT ""
| #define PACKAGE "gr-dcf77-transmitter"
| #define VERSION "3.0svn"
| #ifdef __cplusplus
| extern "C" void exit (int) throw ();
| #endif
| #define CXX_HAS_BUGGY_FOR_LOOPS
| #define STDC_HEADERS 1
| #define HAVE_SYS_TYPES_H 1
| #define HAVE_SYS_STAT_H 1
| #define HAVE_STDLIB_H 1
| #define HAVE_STRING_H 1
| #define HAVE_MEMORY_H 1
| #define HAVE_STRINGS_H 1
| #define HAVE_INTTYPES_H 1
| #define HAVE_STDINT_H 1
| #define HAVE_UNISTD_H 1
| #define HAVE_DLFCN_H 1
| #define HAVE_PYTHON_H 1
| #define OMNITHREAD_POSIX 1
| #define HAVE_CLOCK_GETTIME 1
| #define HAVE_GETTIMEOFDAY 1
| #define HAVE_NANOSLEEP 1
| #define STDC_HEADERS 1
| #define HAVE_SYS_WAIT_H 1
| #define HAVE_FCNTL_H 1
| #define HAVE_LIMITS_H 1
| #define HAVE_STRINGS_H 1
| #define HAVE_SYS_IOCTL_H 1
| #define HAVE_SYS_TIME_H 1
| #define HAVE_UNISTD_H 1
| #define HAVE_SYS_MMAN_H 1
| #define TIME_WITH_SYS_TIME 1
| #define HAVE_SYS_TYPES_H 1
| #define HAVE_FCNTL_H 1
| /* end confdefs.h.  */
| #include <io.h>
configure:21917: result: no
configure:21952: checking for io.h
configure:21959: result: no
configure:21986: checking windows.h usability
configure:21998: gcc -c -g -O2 -pthread  conftest.c >&5
conftest.c:77:21: error: windows.h: No such file or directory
configure:22004: $? = 1
configure: failed program was:
| /* confdefs.h.  */
| 
| #define PACKAGE_NAME ""
| #define PACKAGE_TARNAME ""
| #define PACKAGE_VERSION ""
| #define PACKAGE_STRING ""
| #define PACKAGE_BUGREPORT ""
| #define PACKAGE "gr-dcf77-transmitter"
| #define VERSION "3.0svn"
| #ifdef __cplusplus
| extern "C" void exit (int) throw ();
| #endif
| #define CXX_HAS_BUGGY_FOR_LOOPS
| #define STDC_HEADERS 1
| #define HAVE_SYS_TYPES_H 1
| #define HAVE_SYS_STAT_H 1
| #define HAVE_STDLIB_H 1
| #define HAVE_STRING_H 1
| #define HAVE_MEMORY_H 1
| #define HAVE_STRINGS_H 1
| #define HAVE_INTTYPES_H 1
| #define HAVE_STDINT_H 1
| #define HAVE_UNISTD_H 1
| #define HAVE_DLFCN_H 1
| #define HAVE_PYTHON_H 1
| #define OMNITHREAD_POSIX 1
| #define HAVE_CLOCK_GETTIME 1
| #define HAVE_GETTIMEOFDAY 1
| #define HAVE_NANOSLEEP 1
| #define STDC_HEADERS 1
| #define HAVE_SYS_WAIT_H 1
| #define HAVE_FCNTL_H 1
| #define HAVE_LIMITS_H 1
| #define HAVE_STRINGS_H 1
| #define HAVE_SYS_IOCTL_H 1
| #define HAVE_SYS_TIME_H 1
| #define HAVE_UNISTD_H 1
| #define HAVE_SYS_MMAN_H 1
| #define TIME_WITH_SYS_TIME 1
| #define HAVE_SYS_TYPES_H 1
| #define HAVE_FCNTL_H 1
| /* end confdefs.h.  */
| #include <stdio.h>
| #if HAVE_SYS_TYPES_H
| # include <sys/types.h>
| #endif
| #if HAVE_SYS_STAT_H
| # include <sys/stat.h>
| #endif
| #if STDC_HEADERS
| # include <stdlib.h>
| # include <stddef.h>
| #else
| # if HAVE_STDLIB_H
| #  include <stdlib.h>
| # endif
| #endif
| #if HAVE_STRING_H
| # if !STDC_HEADERS && HAVE_MEMORY_H
| #  include <memory.h>
| # endif
| # include <string.h>
| #endif
| #if HAVE_STRINGS_H
| # include <strings.h>
| #endif
| #if HAVE_INTTYPES_H
| # include <inttypes.h>
| #else
| # if HAVE_STDINT_H
| #  include <stdint.h>
| # endif
| #endif
| #if HAVE_UNISTD_H
| # include <unistd.h>
| #endif
| #include <windows.h>
configure:22026: result: no
configure:22030: checking windows.h presence
configure:22040: gcc -E  conftest.c
conftest.c:43:21: error: windows.h: No such file or directory
configure:22046: $? = 1
configure: failed program was:
| /* confdefs.h.  */
| 
| #define PACKAGE_NAME ""
| #define PACKAGE_TARNAME ""
| #define PACKAGE_VERSION ""
| #define PACKAGE_STRING ""
| #define PACKAGE_BUGREPORT ""
| #define PACKAGE "gr-dcf77-transmitter"
| #define VERSION "3.0svn"
| #ifdef __cplusplus
| extern "C" void exit (int) throw ();
| #endif
| #define CXX_HAS_BUGGY_FOR_LOOPS
| #define STDC_HEADERS 1
| #define HAVE_SYS_TYPES_H 1
| #define HAVE_SYS_STAT_H 1
| #define HAVE_STDLIB_H 1
| #define HAVE_STRING_H 1
| #define HAVE_MEMORY_H 1
| #define HAVE_STRINGS_H 1
| #define HAVE_INTTYPES_H 1
| #define HAVE_STDINT_H 1
| #define HAVE_UNISTD_H 1
| #define HAVE_DLFCN_H 1
| #define HAVE_PYTHON_H 1
| #define OMNITHREAD_POSIX 1
| #define HAVE_CLOCK_GETTIME 1
| #define HAVE_GETTIMEOFDAY 1
| #define HAVE_NANOSLEEP 1
| #define STDC_HEADERS 1
| #define HAVE_SYS_WAIT_H 1
| #define HAVE_FCNTL_H 1
| #define HAVE_LIMITS_H 1
| #define HAVE_STRINGS_H 1
| #define HAVE_SYS_IOCTL_H 1
| #define HAVE_SYS_TIME_H 1
| #define HAVE_UNISTD_H 1
| #define HAVE_SYS_MMAN_H 1
| #define TIME_WITH_SYS_TIME 1
| #define HAVE_SYS_TYPES_H 1
| #define HAVE_FCNTL_H 1
| /* end confdefs.h.  */
| #include <windows.h>
configure:22066: result: no
configure:22101: checking for windows.h
configure:22108: result: no
configure:22126: checking for winioctl.h
configure:22146: gcc -c -g -O2 -pthread  conftest.c >&5
conftest.c:49:22: error: winioctl.h: No such file or directory
configure:22152: $? = 1
configure: failed program was:
| /* confdefs.h.  */
| 
| #define PACKAGE_NAME ""
| #define PACKAGE_TARNAME ""
| #define PACKAGE_VERSION ""
| #define PACKAGE_STRING ""
| #define PACKAGE_BUGREPORT ""
| #define PACKAGE "gr-dcf77-transmitter"
| #define VERSION "3.0svn"
| #ifdef __cplusplus
| extern "C" void exit (int) throw ();
| #endif
| #define CXX_HAS_BUGGY_FOR_LOOPS
| #define STDC_HEADERS 1
| #define HAVE_SYS_TYPES_H 1
| #define HAVE_SYS_STAT_H 1
| #define HAVE_STDLIB_H 1
| #define HAVE_STRING_H 1
| #define HAVE_MEMORY_H 1
| #define HAVE_STRINGS_H 1
| #define HAVE_INTTYPES_H 1
| #define HAVE_STDINT_H 1
| #define HAVE_UNISTD_H 1
| #define HAVE_DLFCN_H 1
| #define HAVE_PYTHON_H 1
| #define OMNITHREAD_POSIX 1
| #define HAVE_CLOCK_GETTIME 1
| #define HAVE_GETTIMEOFDAY 1
| #define HAVE_NANOSLEEP 1
| #define STDC_HEADERS 1
| #define HAVE_SYS_WAIT_H 1
| #define HAVE_FCNTL_H 1
| #define HAVE_LIMITS_H 1
| #define HAVE_STRINGS_H 1
| #define HAVE_SYS_IOCTL_H 1
| #define HAVE_SYS_TIME_H 1
| #define HAVE_UNISTD_H 1
| #define HAVE_SYS_MMAN_H 1
| #define TIME_WITH_SYS_TIME 1
| #define HAVE_SYS_TYPES_H 1
| #define HAVE_FCNTL_H 1
| /* end confdefs.h.  */
| 
| 	#if HAVE_WINDOWS_H
| 	#include <windows.h>
| 	#endif
| 
| 
| #include <winioctl.h>
configure:22175: result: no
configure:22126: checking for winbase.h
configure:22146: gcc -c -g -O2 -pthread  conftest.c >&5
conftest.c:49:21: error: winbase.h: No such file or directory
configure:22152: $? = 1
configure: failed program was:
| /* confdefs.h.  */
| 
| #define PACKAGE_NAME ""
| #define PACKAGE_TARNAME ""
| #define PACKAGE_VERSION ""
| #define PACKAGE_STRING ""
| #define PACKAGE_BUGREPORT ""
| #define PACKAGE "gr-dcf77-transmitter"
| #define VERSION "3.0svn"
| #ifdef __cplusplus
| extern "C" void exit (int) throw ();
| #endif
| #define CXX_HAS_BUGGY_FOR_LOOPS
| #define STDC_HEADERS 1
| #define HAVE_SYS_TYPES_H 1
| #define HAVE_SYS_STAT_H 1
| #define HAVE_STDLIB_H 1
| #define HAVE_STRING_H 1
| #define HAVE_MEMORY_H 1
| #define HAVE_STRINGS_H 1
| #define HAVE_INTTYPES_H 1
| #define HAVE_STDINT_H 1
| #define HAVE_UNISTD_H 1
| #define HAVE_DLFCN_H 1
| #define HAVE_PYTHON_H 1
| #define OMNITHREAD_POSIX 1
| #define HAVE_CLOCK_GETTIME 1
| #define HAVE_GETTIMEOFDAY 1
| #define HAVE_NANOSLEEP 1
| #define STDC_HEADERS 1
| #define HAVE_SYS_WAIT_H 1
| #define HAVE_FCNTL_H 1
| #define HAVE_LIMITS_H 1
| #define HAVE_STRINGS_H 1
| #define HAVE_SYS_IOCTL_H 1
| #define HAVE_SYS_TIME_H 1
| #define HAVE_UNISTD_H 1
| #define HAVE_SYS_MMAN_H 1
| #define TIME_WITH_SYS_TIME 1
| #define HAVE_SYS_TYPES_H 1
| #define HAVE_FCNTL_H 1
| /* end confdefs.h.  */
| 
| 	#if HAVE_WINDOWS_H
| 	#include <windows.h>
| 	#endif
| 
| 
| #include <winbase.h>
configure:22175: result: no
configure:22200: checking for getopt
configure:22257: gcc -o conftest -g -O2 -pthread   conftest.c  >&5
configure:22263: $? = 0
configure:22266: test -z 			 || test ! -s conftest.err
configure:22269: $? = 0
configure:22272: test -s conftest
configure:22275: $? = 0
configure:22287: result: yes
configure:22200: checking for usleep
configure:22257: gcc -o conftest -g -O2 -pthread   conftest.c  >&5
configure:22263: $? = 0
configure:22266: test -z 			 || test ! -s conftest.err
configure:22269: $? = 0
configure:22272: test -s conftest
configure:22275: $? = 0
configure:22287: result: yes
configure:22200: checking for gettimeofday
configure:22287: result: yes
configure:22200: checking for nanosleep
configure:22287: result: yes
configure:22200: checking for rand
configure:22257: gcc -o conftest -g -O2 -pthread   conftest.c  >&5
configure:22263: $? = 0
configure:22266: test -z 			 || test ! -s conftest.err
configure:22269: $? = 0
configure:22272: test -s conftest
configure:22275: $? = 0
configure:22287: result: yes
configure:22200: checking for srand
configure:22257: gcc -o conftest -g -O2 -pthread   conftest.c  >&5
configure:22263: $? = 0
configure:22266: test -z 			 || test ! -s conftest.err
configure:22269: $? = 0
configure:22272: test -s conftest
configure:22275: $? = 0
configure:22287: result: yes
configure:22200: checking for random
configure:22257: gcc -o conftest -g -O2 -pthread   conftest.c  >&5
configure:22263: $? = 0
configure:22266: test -z 			 || test ! -s conftest.err
configure:22269: $? = 0
configure:22272: test -s conftest
configure:22275: $? = 0
configure:22287: result: yes
configure:22200: checking for srandom
configure:22257: gcc -o conftest -g -O2 -pthread   conftest.c  >&5
configure:22263: $? = 0
configure:22266: test -z 			 || test ! -s conftest.err
configure:22269: $? = 0
configure:22272: test -s conftest
configure:22275: $? = 0
configure:22287: result: yes
configure:22200: checking for sleep
configure:22257: gcc -o conftest -g -O2 -pthread   conftest.c  >&5
configure:22263: $? = 0
configure:22266: test -z 			 || test ! -s conftest.err
configure:22269: $? = 0
configure:22272: test -s conftest
configure:22275: $? = 0
configure:22287: result: yes
configure:22200: checking for sigaction
configure:22257: gcc -o conftest -g -O2 -pthread   conftest.c  >&5
configure:22263: $? = 0
configure:22266: test -z 			 || test ! -s conftest.err
configure:22269: $? = 0
configure:22272: test -s conftest
configure:22275: $? = 0
configure:22287: result: yes
configure:22297: checking for struct timezone
configure:22336: gcc -c -g -O2 -pthread  conftest.c >&5
configure:22342: $? = 0
configure:22345: test -z 			 || test ! -s conftest.err
configure:22348: $? = 0
configure:22351: test -s conftest.o
configure:22354: $? = 0
configure:22365: result: yes
configure:22375: checking for struct timespec
configure:22414: gcc -c -g -O2 -pthread  conftest.c >&5
configure:22420: $? = 0
configure:22423: test -z 			 || test ! -s conftest.err
configure:22426: $? = 0
configure:22429: test -s conftest.o
configure:22432: $? = 0
configure:22443: result: yes
configure:22453: checking for ssize_t
configure:22492: gcc -c -g -O2 -pthread  conftest.c >&5
configure:22498: $? = 0
configure:22501: test -z 			 || test ! -s conftest.err
configure:22504: $? = 0
configure:22507: test -s conftest.o
configure:22510: $? = 0
configure:22521: result: yes
configure:22539: checking for getopt
configure:22626: result: yes
configure:22539: checking for usleep
configure:22626: result: yes
configure:22539: checking for gettimeofday
configure:22626: result: yes
configure:22648: checking for Sleep
configure:22668: gcc -o conftest -g -O2 -pthread   conftest.c  >&5
conftest.c:59:24: error: windows.h: No such file or directory
conftest.c:60:37: error: winbase.h: No such file or directory
configure:22674: $? = 1
configure: failed program was:
| /* confdefs.h.  */
| 
| #define PACKAGE_NAME ""
| #define PACKAGE_TARNAME ""
| #define PACKAGE_VERSION ""
| #define PACKAGE_STRING ""
| #define PACKAGE_BUGREPORT ""
| #define PACKAGE "gr-dcf77-transmitter"
| #define VERSION "3.0svn"
| #ifdef __cplusplus
| extern "C" void exit (int) throw ();
| #endif
| #define CXX_HAS_BUGGY_FOR_LOOPS
| #define STDC_HEADERS 1
| #define HAVE_SYS_TYPES_H 1
| #define HAVE_SYS_STAT_H 1
| #define HAVE_STDLIB_H 1
| #define HAVE_STRING_H 1
| #define HAVE_MEMORY_H 1
| #define HAVE_STRINGS_H 1
| #define HAVE_INTTYPES_H 1
| #define HAVE_STDINT_H 1
| #define HAVE_UNISTD_H 1
| #define HAVE_DLFCN_H 1
| #define HAVE_PYTHON_H 1
| #define OMNITHREAD_POSIX 1
| #define HAVE_CLOCK_GETTIME 1
| #define HAVE_GETTIMEOFDAY 1
| #define HAVE_NANOSLEEP 1
| #define STDC_HEADERS 1
| #define HAVE_SYS_WAIT_H 1
| #define HAVE_FCNTL_H 1
| #define HAVE_LIMITS_H 1
| #define HAVE_STRINGS_H 1
| #define HAVE_SYS_IOCTL_H 1
| #define HAVE_SYS_TIME_H 1
| #define HAVE_UNISTD_H 1
| #define HAVE_SYS_MMAN_H 1
| #define TIME_WITH_SYS_TIME 1
| #define HAVE_SYS_TYPES_H 1
| #define HAVE_FCNTL_H 1
| #define HAVE_GETOPT 1
| #define HAVE_USLEEP 1
| #define HAVE_GETTIMEOFDAY 1
| #define HAVE_NANOSLEEP 1
| #define HAVE_RAND 1
| #define HAVE_SRAND 1
| #define HAVE_RANDOM 1
| #define HAVE_SRANDOM 1
| #define HAVE_SLEEP 1
| #define HAVE_SIGACTION 1
| #define HAVE_STRUCT_TIMEZONE 1
| #define HAVE_STRUCT_TIMESPEC 1
| #define HAVE_SSIZE_T 1
| #define HAVE_GETOPT 1
| #define HAVE_USLEEP 1
| #define HAVE_GETTIMEOFDAY 1
| /* end confdefs.h.  */
|    #include <windows.h>
|                 #include <winbase.h>
| 
| int
| main ()
| {
|  Sleep(0);
|   ;
|   return 0;
| }
configure:22699: result: no
configure:22706: checking whether mkdir accepts only one arg
configure:22728: gcc -c -g -O2 -pthread  conftest.c >&5
conftest.c: In function 'main':
conftest.c:66: error: too few arguments to function 'mkdir'
configure:22734: $? = 1
configure: failed program was:
| /* confdefs.h.  */
| 
| #define PACKAGE_NAME ""
| #define PACKAGE_TARNAME ""
| #define PACKAGE_VERSION ""
| #define PACKAGE_STRING ""
| #define PACKAGE_BUGREPORT ""
| #define PACKAGE "gr-dcf77-transmitter"
| #define VERSION "3.0svn"
| #ifdef __cplusplus
| extern "C" void exit (int) throw ();
| #endif
| #define CXX_HAS_BUGGY_FOR_LOOPS
| #define STDC_HEADERS 1
| #define HAVE_SYS_TYPES_H 1
| #define HAVE_SYS_STAT_H 1
| #define HAVE_STDLIB_H 1
| #define HAVE_STRING_H 1
| #define HAVE_MEMORY_H 1
| #define HAVE_STRINGS_H 1
| #define HAVE_INTTYPES_H 1
| #define HAVE_STDINT_H 1
| #define HAVE_UNISTD_H 1
| #define HAVE_DLFCN_H 1
| #define HAVE_PYTHON_H 1
| #define OMNITHREAD_POSIX 1
| #define HAVE_CLOCK_GETTIME 1
| #define HAVE_GETTIMEOFDAY 1
| #define HAVE_NANOSLEEP 1
| #define STDC_HEADERS 1
| #define HAVE_SYS_WAIT_H 1
| #define HAVE_FCNTL_H 1
| #define HAVE_LIMITS_H 1
| #define HAVE_STRINGS_H 1
| #define HAVE_SYS_IOCTL_H 1
| #define HAVE_SYS_TIME_H 1
| #define HAVE_UNISTD_H 1
| #define HAVE_SYS_MMAN_H 1
| #define TIME_WITH_SYS_TIME 1
| #define HAVE_SYS_TYPES_H 1
| #define HAVE_FCNTL_H 1
| #define HAVE_GETOPT 1
| #define HAVE_USLEEP 1
| #define HAVE_GETTIMEOFDAY 1
| #define HAVE_NANOSLEEP 1
| #define HAVE_RAND 1
| #define HAVE_SRAND 1
| #define HAVE_RANDOM 1
| #define HAVE_SRANDOM 1
| #define HAVE_SLEEP 1
| #define HAVE_SIGACTION 1
| #define HAVE_STRUCT_TIMEZONE 1
| #define HAVE_STRUCT_TIMESPEC 1
| #define HAVE_SSIZE_T 1
| #define HAVE_GETOPT 1
| #define HAVE_USLEEP 1
| #define HAVE_GETTIMEOFDAY 1
| /* end confdefs.h.  */
| #include <sys/types.h>
|        #include <sys/stat.h>
|        #include <fcntl.h>
| int
| main ()
| {
| 
|        mkdir("")
| 
|   ;
|   return 0;
| }
configure:22759: result: no
configure:22777: checking for pkg-config
configure:22795: found /usr/bin/pkg-config
configure:22808: result: /usr/bin/pkg-config
configure:22829: checking for gnuradio-core >= 2
configure:22833: result: yes
configure:22837: checking GNURADIO_CORE_CFLAGS
configure:22840: result: -DOMNITHREAD_POSIX=1 -pthread -I/usr/local/include/gnuradio  
configure:22843: checking GNURADIO_CORE_LIBS
configure:22846: result: -L/usr/local/lib -lgnuradio-core -lgromnithread -lfftw3f -lm  
configure:22849: checking GNURADIO_CORE_INCLUDEDIR
configure:22852: result: /usr/local/include/gnuradio
configure:23076: checking boost/shared_ptr.hpp usability
configure:23088: g++ -c -g -O2 -Wall -Woverloaded-virtual -pthread  conftest.cc >&5
configure:23094: $? = 0
configure:23097: test -z 			 || test ! -s conftest.err
configure:23100: $? = 0
configure:23103: test -s conftest.o
configure:23106: $? = 0
configure:23116: result: yes
configure:23120: checking boost/shared_ptr.hpp presence
configure:23130: g++ -E  conftest.cc
configure:23136: $? = 0
configure:23156: result: yes
configure:23191: checking for boost/shared_ptr.hpp
configure:23198: result: yes
configure:23535: creating ./config.status

## ---------------------- ##
## Running config.status. ##
## ---------------------- ##

This file was extended by config.status, which was
generated by GNU Autoconf 2.59.  Invocation command line was

  CONFIG_FILES    = 
  CONFIG_HEADERS  = 
  CONFIG_LINKS    = 
  CONFIG_COMMANDS = 
  $ ./config.status 

on sputnik

config.status:802: creating Makefile
config.status:802: creating config/Makefile
config.status:802: creating src/Makefile
config.status:802: creating src/lib/Makefile
config.status:802: creating src/python/Makefile
config.status:802: creating src/python/run_tests
config.status:868: creating config.h
config.status:1062: config.h is unchanged
config.status:1242: executing depfiles commands
config.status:1242: executing run_tests commands

## ---------------- ##
## Cache variables. ##
## ---------------- ##

ac_cv_build=i686-pc-linux-gnu
ac_cv_build_alias=i686-pc-linux-gnu
ac_cv_c_compiler_gnu=yes
ac_cv_c_const=yes
ac_cv_c_inline=inline
ac_cv_cxx_compiler_gnu=yes
ac_cv_env_CCASFLAGS_set=
ac_cv_env_CCASFLAGS_value=
ac_cv_env_CCAS_set=
ac_cv_env_CCAS_value=
ac_cv_env_CC_set=
ac_cv_env_CC_value=
ac_cv_env_CFLAGS_set=
ac_cv_env_CFLAGS_value=
ac_cv_env_CPPFLAGS_set=
ac_cv_env_CPPFLAGS_value=
ac_cv_env_CPP_set=
ac_cv_env_CPP_value=
ac_cv_env_CXXCPP_set=
ac_cv_env_CXXCPP_value=
ac_cv_env_CXXFLAGS_set=
ac_cv_env_CXXFLAGS_value=
ac_cv_env_CXX_set=
ac_cv_env_CXX_value=
ac_cv_env_F77_set=
ac_cv_env_F77_value=
ac_cv_env_FFLAGS_set=
ac_cv_env_FFLAGS_value=
ac_cv_env_LDFLAGS_set=
ac_cv_env_LDFLAGS_value=
ac_cv_env_build_alias_set=
ac_cv_env_build_alias_value=
ac_cv_env_host_alias_set=
ac_cv_env_host_alias_value=
ac_cv_env_target_alias_set=
ac_cv_env_target_alias_value=
ac_cv_exeext=
ac_cv_f77_compiler_gnu=no
ac_cv_func_clock_gettime=yes
ac_cv_func_getopt=yes
ac_cv_func_gettimeofday=yes
ac_cv_func_nanosleep=yes
ac_cv_func_rand=yes
ac_cv_func_random=yes
ac_cv_func_sigaction=yes
ac_cv_func_sleep=yes
ac_cv_func_srand=yes
ac_cv_func_srandom=yes
ac_cv_func_usleep=yes
ac_cv_header_Python_h=yes
ac_cv_header_boost_shared_ptr_hpp=yes
ac_cv_header_dlfcn_h=yes
ac_cv_header_fcntl_h=yes
ac_cv_header_inttypes_h=yes
ac_cv_header_io_h=no
ac_cv_header_limits_h=yes
ac_cv_header_memory_h=yes
ac_cv_header_stdc=yes
ac_cv_header_stdint_h=yes
ac_cv_header_stdlib_h=yes
ac_cv_header_string_h=yes
ac_cv_header_strings_h=yes
ac_cv_header_sys_ioctl_h=yes
ac_cv_header_sys_mman_h=yes
ac_cv_header_sys_stat_h=yes
ac_cv_header_sys_time_h=yes
ac_cv_header_sys_types_h=yes
ac_cv_header_sys_wait_h=yes
ac_cv_header_time=yes
ac_cv_header_unistd_h=yes
ac_cv_header_winbase_h=no
ac_cv_header_windows_h=no
ac_cv_header_winioctl_h=no
ac_cv_host=i686-pc-linux-gnu
ac_cv_host_alias=i686-pc-linux-gnu
ac_cv_objext=o
ac_cv_path_PKG_CONFIG=/usr/bin/pkg-config
ac_cv_path_PYTHON=/usr/bin/python
ac_cv_path_RM_PROG=/bin/rm
ac_cv_path_install='/usr/bin/install -c'
ac_cv_prog_AWK=mawk
ac_cv_prog_CPP='gcc -E'
ac_cv_prog_CXXCPP='g++ -E'
ac_cv_prog_PTHREAD_CC=gcc
ac_cv_prog_SWIG=/usr/bin/swig
ac_cv_prog_ac_ct_AR=ar
ac_cv_prog_ac_ct_CC=gcc
ac_cv_prog_ac_ct_CXX=g++
ac_cv_prog_ac_ct_RANLIB=ranlib
ac_cv_prog_ac_ct_STRIP=strip
ac_cv_prog_cc_g=yes
ac_cv_prog_cc_stdc=
ac_cv_prog_cxx_g=yes
ac_cv_prog_egrep='grep -E'
ac_cv_prog_f77_g=no
ac_cv_prog_make_make_set=yes
ac_cv_search_clock_gettime=-lrt
ac_cv_target=i686-pc-linux-gnu
ac_cv_target_alias=i686-pc-linux-gnu
ac_cv_type_size_t=yes
ac_cv_type_ssize_t=yes
ac_cv_type_struct_timespec=yes
ac_cv_type_struct_timezone=yes
am_cv_CC_dependencies_compiler_type=gcc3
am_cv_CXX_dependencies_compiler_type=gcc3
am_cv_python_platform=linux2
am_cv_python_pyexecdir='${exec_prefix}/lib/python2.6/site-packages'
am_cv_python_pythondir='${prefix}/lib/python2.6/site-packages'
am_cv_python_version=2.6
lt_cv_deplibs_check_method=pass_all
lt_cv_file_magic_cmd='$MAGIC_CMD'
lt_cv_file_magic_test_file=
lt_cv_ld_reload_flag=-r
lt_cv_objdir=.libs
lt_cv_path_LD=/usr/bin/ld
lt_cv_path_LDCXX=/usr/bin/ld
lt_cv_path_NM='/usr/bin/nm -B'
lt_cv_path_SED=/bin/sed
lt_cv_prog_compiler_c_o=yes
lt_cv_prog_compiler_c_o_CXX=yes
lt_cv_prog_compiler_rtti_exceptions=no
lt_cv_prog_gnu_ld=yes
lt_cv_prog_gnu_ldcxx=yes
lt_cv_sys_global_symbol_pipe='sed -n -e '\''s/^.*[ 	]\([ABCDGIRSTW][ABCDGIRSTW]*\)[ 	][ 	]*\([_A-Za-z][_A-Za-z0-9]*\)$/\1 \2 \2/p'\'''
lt_cv_sys_global_symbol_to_c_name_address='sed -n -e '\''s/^: \([^ ]*\) $/  {\"\1\", (lt_ptr) 0},/p'\'' -e '\''s/^[BCDEGRST] \([^ ]*\) \([^ ]*\)$/  {"\2", (lt_ptr) \&\2},/p'\'''
lt_cv_sys_global_symbol_to_cdecl='sed -n -e '\''s/^. .* \(.*\)$/extern int \1;/p'\'''
lt_cv_sys_max_cmd_len=32768
lt_lt_cv_prog_compiler_c_o='"yes"'
lt_lt_cv_prog_compiler_c_o_CXX='"yes"'
lt_lt_cv_sys_global_symbol_pipe='"sed -n -e '\''s/^.*[ 	]\\([ABCDGIRSTW][ABCDGIRSTW]*\\)[ 	][ 	]*\\([_A-Za-z][_A-Za-z0-9]*\\)\$/\\1 \\2 \\2/p'\''"'
lt_lt_cv_sys_global_symbol_to_c_name_address='"sed -n -e '\''s/^: \\([^ ]*\\) \$/  {\\\"\\1\\\", (lt_ptr) 0},/p'\'' -e '\''s/^[BCDEGRST] \\([^ ]*\\) \\([^ ]*\\)\$/  {\"\\2\", (lt_ptr) \\&\\2},/p'\''"'
lt_lt_cv_sys_global_symbol_to_cdecl='"sed -n -e '\''s/^. .* \\(.*\\)\$/extern int \\1;/p'\''"'

## ----------------- ##
## Output variables. ##
## ----------------- ##

ACLOCAL='${SHELL} /home/martin/gr-dcf77/missing --run aclocal-1.9'
AMDEPBACKSLASH='\'
AMDEP_FALSE='#'
AMDEP_TRUE=''
AMTAR='${SHELL} /home/martin/gr-dcf77/missing --run tar'
AR='ar'
AS='as'
AUTOCONF='${SHELL} /home/martin/gr-dcf77/missing --run autoconf'
AUTOHEADER='${SHELL} /home/martin/gr-dcf77/missing --run autoheader'
AUTOMAKE='${SHELL} /home/martin/gr-dcf77/missing --run automake-1.9'
AWK='mawk'
BOOST_CFLAGS=''
CC='gcc'
CCAS='gcc'
CCASFLAGS='-g -O2'
CCDEPMODE='depmode=gcc3'
CFLAGS='-g -O2 -pthread'
CPP='gcc -E'
CPPFLAGS=''
CXX='g++'
CXXCPP='g++ -E'
CXXDEPMODE='depmode=gcc3'
CXXFLAGS='-g -O2 -Wall -Woverloaded-virtual -pthread'
CXX_FOR_BUILD='g++'
CYGPATH_W='echo'
DEFS='-DHAVE_CONFIG_H'
DEPDIR='.deps'
DLLTOOL='dlltool'
ECHO='echo'
ECHO_C=''
ECHO_N='-n'
ECHO_T=''
EGREP='grep -E'
EXEEXT=''
F77=''
FFLAGS=''
GNURADIO_CORE_CFLAGS='-DOMNITHREAD_POSIX=1 -pthread -I/usr/local/include/gnuradio  '
GNURADIO_CORE_INCLUDEDIR='/usr/local/include/gnuradio'
GNURADIO_CORE_LIBS='-L/usr/local/lib -lgnuradio-core -lgromnithread -lfftw3f -lm  '
INSTALL_DATA='${INSTALL} -m 644'
INSTALL_PROGRAM='${INSTALL}'
INSTALL_SCRIPT='${INSTALL}'
INSTALL_STRIP_PROGRAM='${SHELL} $(install_sh) -c -s'
LDFLAGS=''
LIBOBJS=''
LIBS=' -L/usr/local/lib -lgnuradio-core -lgromnithread -lfftw3f -lm  '
LIBTOOL='$(SHELL) $(top_builddir)/libtool'
LN_S='ln -s'
LTLIBOBJS=''
MAKEINFO='${SHELL} /home/martin/gr-dcf77/missing --run makeinfo'
NO_UNDEFINED=''
OBJDUMP='objdump'
OBJEXT='o'
OMNITHREAD_NT_FALSE=''
OMNITHREAD_NT_TRUE='#'
OMNITHREAD_POSIX_FALSE='#'
OMNITHREAD_POSIX_TRUE=''
PACKAGE='gr-dcf77-transmitter'
PACKAGE_BUGREPORT=''
PACKAGE_NAME=''
PACKAGE_STRING=''
PACKAGE_TARNAME=''
PACKAGE_VERSION=''
PATH_SEPARATOR=':'
PKG_CONFIG='/usr/bin/pkg-config'
PTHREAD_CC='gcc'
PTHREAD_CFLAGS='-pthread'
PTHREAD_LIBS=' -lrt '
PYTHON='/usr/bin/python'
PYTHON_CPPFLAGS='-I/usr/include/python2.6'
PYTHON_EXEC_PREFIX='${exec_prefix}'
PYTHON_LDFLAGS=''
PYTHON_PLATFORM='linux2'
PYTHON_PREFIX='${prefix}'
PYTHON_VERSION='2.6'
RANLIB='ranlib'
RM_PROG='/bin/rm'
SET_MAKE=''
SHELL='/bin/sh'
STD_DEFINES_AND_INCLUDES='-DOMNITHREAD_POSIX=1 -pthread -I/usr/local/include/gnuradio   '
STRIP='strip'
SWIG='/usr/bin/swig -c++'
SWIG_PYTHON_CPPFLAGS='-I/usr/include/python2.6'
SWIG_PYTHON_LIB='-lswigpy'
SWIG_PYTHON_OPT='-python'
VERSION='3.0svn'
ac_ct_AR='ar'
ac_ct_AS=''
ac_ct_CC='gcc'
ac_ct_CXX='g++'
ac_ct_DLLTOOL=''
ac_ct_F77=''
ac_ct_OBJDUMP=''
ac_ct_RANLIB='ranlib'
ac_ct_STRIP='strip'
am__fastdepCC_FALSE='#'
am__fastdepCC_TRUE=''
am__fastdepCXX_FALSE='#'
am__fastdepCXX_TRUE=''
am__include='include'
am__leading_dot='.'
am__quote=''
am__tar='${AMTAR} chof - "$$tardir"'
am__untar='${AMTAR} xf -'
bindir='${exec_prefix}/bin'
build='i686-pc-linux-gnu'
build_alias=''
build_cpu='i686'
build_os='linux-gnu'
build_vendor='pc'
datadir='${prefix}/share'
exec_prefix='${prefix}'
host='i686-pc-linux-gnu'
host_alias=''
host_cpu='i686'
host_os='linux-gnu'
host_vendor='pc'
includedir='${prefix}/include'
infodir='${prefix}/info'
install_sh='/home/martin/gr-dcf77/install-sh'
libdir='${exec_prefix}/lib'
libexecdir='${exec_prefix}/libexec'
localstatedir='${prefix}/var'
mandir='${prefix}/man'
mkdir_p='mkdir -p --'
oldincludedir='/usr/include'
pkgpyexecdir='${pyexecdir}/gr-dcf77-transmitter'
pkgpythondir='${pythondir}/gr-dcf77-transmitter'
prefix='/usr/local'
program_transform_name='s,x,x,'
pyexecdir='${exec_prefix}/lib/python2.6/site-packages'
pythondir='${prefix}/lib/python2.6/site-packages'
sbindir='${exec_prefix}/sbin'
sharedstatedir='${prefix}/com'
sysconfdir='${prefix}/etc'
target='i686-pc-linux-gnu'
target_alias=''
target_cpu='i686'
target_os='linux-gnu'
target_vendor='pc'

## ----------- ##
## confdefs.h. ##
## ----------- ##

#define CXX_HAS_BUGGY_FOR_LOOPS
#define HAVE_CLOCK_GETTIME 1
#define HAVE_DLFCN_H 1
#define HAVE_FCNTL_H 1
#define HAVE_FCNTL_H 1
#define HAVE_GETOPT 1
#define HAVE_GETOPT 1
#define HAVE_GETTIMEOFDAY 1
#define HAVE_GETTIMEOFDAY 1
#define HAVE_GETTIMEOFDAY 1
#define HAVE_INTTYPES_H 1
#define HAVE_LIMITS_H 1
#define HAVE_MEMORY_H 1
#define HAVE_NANOSLEEP 1
#define HAVE_NANOSLEEP 1
#define HAVE_PYTHON_H 1
#define HAVE_RAND 1
#define HAVE_RANDOM 1
#define HAVE_SIGACTION 1
#define HAVE_SLEEP 1
#define HAVE_SRAND 1
#define HAVE_SRANDOM 1
#define HAVE_SSIZE_T 1
#define HAVE_STDINT_H 1
#define HAVE_STDLIB_H 1
#define HAVE_STRINGS_H 1
#define HAVE_STRINGS_H 1
#define HAVE_STRING_H 1
#define HAVE_STRUCT_TIMESPEC 1
#define HAVE_STRUCT_TIMEZONE 1
#define HAVE_SYS_IOCTL_H 1
#define HAVE_SYS_MMAN_H 1
#define HAVE_SYS_STAT_H 1
#define HAVE_SYS_TIME_H 1
#define HAVE_SYS_TYPES_H 1
#define HAVE_SYS_TYPES_H 1
#define HAVE_SYS_WAIT_H 1
#define HAVE_UNISTD_H 1
#define HAVE_UNISTD_H 1
#define HAVE_USLEEP 1
#define HAVE_USLEEP 1
#define OMNITHREAD_POSIX 1
#define PACKAGE "gr-dcf77-transmitter"
#define PACKAGE_BUGREPORT ""
#define PACKAGE_NAME ""
#define PACKAGE_STRING ""
#define PACKAGE_TARNAME ""
#define PACKAGE_VERSION ""
#define STDC_HEADERS 1
#define STDC_HEADERS 1
#define TIME_WITH_SYS_TIME 1
#define VERSION "3.0svn"
#endif
#ifdef __cplusplus
extern "C" void exit (int) throw ();

configure: exit 0
